0 info it worked if it ends with ok
1 verbose cli [ '/Users/mjames/.nvm/versions/node/v5.1.0/bin/node',
1 verbose cli   '/Users/mjames/.nvm/versions/node/v5.1.0/bin/npm',
1 verbose cli   'adduser' ]
2 info using npm@3.3.12
3 info using node@v5.1.0
4 verbose stack Error: canceled
4 verbose stack     at Interface.<anonymous> (/Users/mjames/.nvm/versions/node/v5.1.0/lib/node_modules/npm/node_modules/read/lib/read.js:66:13)
4 verbose stack     at emitNone (events.js:67:13)
4 verbose stack     at Interface.emit (events.js:166:7)
4 verbose stack     at Interface._ttyWrite (readline.js:690:16)
4 verbose stack     at ReadStream.onkeypress (readline.js:105:10)
4 verbose stack     at emitTwo (events.js:87:13)
4 verbose stack     at ReadStream.emit (events.js:172:7)
4 verbose stack     at emitKeys (readline.js:1250:14)
4 verbose stack     at next (native)
4 verbose stack     at ReadStream.onData (readline.js:918:36)
5 verbose cwd /Users/mjames/Documents/repos/opensource/jQuery-Autocomplete
6 error Darwin 14.5.0
7 error argv "/Users/mjames/.nvm/versions/node/v5.1.0/bin/node" "/Users/mjames/.nvm/versions/node/v5.1.0/bin/npm" "adduser"
8 error node v5.1.0
9 error npm  v3.3.12
10 error canceled
11 error If you need help, you may report this error at:
11 error     <https://github.com/npm/npm/issues>
12 verbose exit [ 1, true ]
